<?xml version="1.0" encoding="UTF-8"?>
<testsuite name="org.learn.gradle.GradleHelloTest" tests="1" skipped="0" failures="0" errors="0" timestamp="2017-10-03T19:28:44" hostname="Set-FI" time="0.001">
  <properties/>
  <testcase name="testGradleHello" classname="org.learn.gradle.GradleHelloTest" time="0.001"/>
  <system-out><![CDATA[]]></system-out>
  <system-err><![CDATA[]]></system-err>
</testsuite>
