<?xml version="1.0" encoding="UTF-8"?>
<testsuite name="org.learn.gradle.CatagoryATest" tests="1" skipped="0" failures="0" errors="0" timestamp="2017-10-05T20:16:10" hostname="Set-FI" time="0.003">
  <properties/>
  <testcase name="testA" classname="org.learn.gradle.CatagoryATest" time="0.003"/>
  <system-out><![CDATA[CategoryA test
]]></system-out>
  <system-err><![CDATA[]]></system-err>
</testsuite>
