<?xml version="1.0" encoding="UTF-8"?>
<testsuite name="org.learn.gradle.GradleHelloTest" tests="2" skipped="0" failures="0" errors="0" timestamp="2017-10-05T20:16:10" hostname="Set-FI" time="0.004">
  <properties/>
  <testcase name="testSystemProperty" classname="org.learn.gradle.GradleHelloTest" time="0.001"/>
  <testcase name="testGradleHello" classname="org.learn.gradle.GradleHelloTest" time="0.002"/>
  <system-out><![CDATA[got property some.prop=value
executing testGradleHello()
]]></system-out>
  <system-err><![CDATA[]]></system-err>
</testsuite>
