<?xml version="1.0" encoding="UTF-8"?>
<testsuite name="org.xstefank.MyMainTest" tests="1" skipped="0" failures="0" errors="0" timestamp="2018-04-30T16:38:00" hostname="Set-FI" time="0.001">
  <properties/>
  <testcase name="testHello" classname="org.xstefank.MyMainTest" time="0.001"/>
  <system-out><![CDATA[]]></system-out>
  <system-err><![CDATA[]]></system-err>
</testsuite>
